[debug] [2024-09-11T09:13:40.650Z] ----------------------------------------------------------------------
[debug] [2024-09-11T09:13:40.652Z] Command:       C:\Program Files\nodejs\node.exe C:\Users\aleks\AppData\Roaming\npm\node_modules\firebase-tools\lib\bin\firebase.js init
[debug] [2024-09-11T09:13:40.652Z] CLI Version:   13.16.0
[debug] [2024-09-11T09:13:40.652Z] Platform:      win32
[debug] [2024-09-11T09:13:40.653Z] Node Version:  v20.10.0
[debug] [2024-09-11T09:13:40.653Z] Time:          Wed Sep 11 2024 12:13:40 GMT+0300 (Itä-Euroopan kesäaika)
[debug] [2024-09-11T09:13:40.653Z] ----------------------------------------------------------------------
[debug] 
[debug] [2024-09-11T09:13:40.654Z] >>> [apiv2][query] GET https://firebase-public.firebaseio.com/cli.json [none]
[debug] [2024-09-11T09:13:40.678Z] > command requires scopes: ["email","openid","https://www.googleapis.com/auth/cloudplatformprojects.readonly","https://www.googleapis.com/auth/firebase","https://www.googleapis.com/auth/cloud-platform"]
[debug] [2024-09-11T09:13:40.678Z] > authorizing via signed-in user (aleksihaikaraa@gmail.com)
[info] 
     ######## #### ########  ######## ########     ###     ######  ########
     ##        ##  ##     ## ##       ##     ##  ##   ##  ##       ##
     ######    ##  ########  ######   ########  #########  ######  ######
     ##        ##  ##    ##  ##       ##     ## ##     ##       ## ##
     ##       #### ##     ## ######## ########  ##     ##  ######  ########

You're about to initialize a Firebase project in this directory:

  E:\Ohjelmointi\Hakalanettisivu\etusivu – firebase

[debug] [2024-09-11T09:13:40.984Z] <<< [apiv2][status] GET https://firebase-public.firebaseio.com/cli.json 200
[debug] [2024-09-11T09:13:40.984Z] <<< [apiv2][body] GET https://firebase-public.firebaseio.com/cli.json {"cloudBuildErrorAfter":1594252800000,"cloudBuildWarnAfter":1590019200000,"defaultNode10After":1594252800000,"minVersion":"3.0.5","node8DeploysDisabledAfter":1613390400000,"node8RuntimeDisabledAfter":1615809600000,"node8WarnAfter":1600128000000}
[info] 
=== Project Setup
[info] 
[info] First, let's associate this project directory with a Firebase project.
[info] You can create multiple project aliases by running firebase use --add, 
[info] but for now we'll just set up a default project.
[info] 
[debug] [2024-09-11T09:13:59.301Z] > refreshing access token with scopes: []
[debug] [2024-09-11T09:13:59.301Z] >>> [apiv2][query] POST https://www.googleapis.com/oauth2/v3/token [none]
[debug] [2024-09-11T09:13:59.302Z] >>> [apiv2][body] POST https://www.googleapis.com/oauth2/v3/token [omitted]
[debug] [2024-09-11T09:13:59.379Z] <<< [apiv2][status] POST https://www.googleapis.com/oauth2/v3/token 200
[debug] [2024-09-11T09:13:59.379Z] <<< [apiv2][body] POST https://www.googleapis.com/oauth2/v3/token [omitted]
[debug] [2024-09-11T09:13:59.387Z] >>> [apiv2][query] GET https://firebase.googleapis.com/v1beta1/projects pageSize=100
[debug] [2024-09-11T09:13:59.802Z] <<< [apiv2][status] GET https://firebase.googleapis.com/v1beta1/projects 200
[debug] [2024-09-11T09:13:59.802Z] <<< [apiv2][body] GET https://firebase.googleapis.com/v1beta1/projects [omitted]
[info] i  Using project hakalan-nettisivu (Hakalan nettisivu) 
[info] 
=== Hosting Setup
[debug] [2024-09-11T09:14:01.197Z] >>> [apiv2][query] GET https://firebase.googleapis.com/v1beta1/projects/hakalan-nettisivu [none]
[debug] [2024-09-11T09:14:01.396Z] <<< [apiv2][status] GET https://firebase.googleapis.com/v1beta1/projects/hakalan-nettisivu 200
[debug] [2024-09-11T09:14:01.396Z] <<< [apiv2][body] GET https://firebase.googleapis.com/v1beta1/projects/hakalan-nettisivu {"projectId":"hakalan-nettisivu","projectNumber":"101295643018","displayName":"Hakalan nettisivu","name":"projects/hakalan-nettisivu","resources":{"hostingSite":"hakalan-nettisivu"},"state":"ACTIVE","etag":"1_7ec87999-1e9b-4adc-8284-4f6284e89d3a"}
[info] 
[info] Your public directory is the folder (relative to your project directory) that
[info] will contain Hosting assets to be uploaded with firebase deploy. If you
[info] have a build process for your assets, use your build's output directory.
[info] 
[debug] [2024-09-11T09:14:29.365Z] >>> [apiv2][query] GET https://www.gstatic.com/firebasejs/releases.json [none]
[debug] [2024-09-11T09:14:29.442Z] <<< [apiv2][status] GET https://www.gstatic.com/firebasejs/releases.json 200
[debug] [2024-09-11T09:14:29.442Z] <<< [apiv2][body] GET https://www.gstatic.com/firebasejs/releases.json {"current":{"version":"10.13.1","browserURL":"https://www.gstatic.com/firebasejs/10.13.1/firebase.js","packageURL":"https://www.gstatic.com/firebasejs/10.13.1/firebase.tgz"},"live":{"version":"10.13","browserURL":"https://www.gstatic.com/firebasejs/live/10.13/firebase.js","packageURL":"https://www.gstatic.com/firebasejs/live/10.13/firebase.tgz"},"components":{"analytics":"https://www.gstatic.com/firebasejs/10.13.1/firebase-analytics.js","app":"https://www.gstatic.com/firebasejs/10.13.1/firebase-app.js","app-check":"https://www.gstatic.com/firebasejs/10.13.1/firebase-app-check.js","auth":"https://www.gstatic.com/firebasejs/10.13.1/firebase-auth.js","auth/cordova":"https://www.gstatic.com/firebasejs/10.13.1/firebase-auth/cordova.js","auth/web-extension":"https://www.gstatic.com/firebasejs/10.13.1/firebase-auth/web-extension.js","functions":"https://www.gstatic.com/firebasejs/10.13.1/firebase-functions.js","firestore":"https://www.gstatic.com/firebasejs/10.13.1/firebase-firestore.js","firestore/lite":"https://www.gstatic.com/firebasejs/10.13.1/firebase-firestore/lite.js","installations":"https://www.gstatic.com/firebasejs/10.13.1/firebase-installations.js","storage":"https://www.gstatic.com/firebasejs/10.13.1/firebase-storage.js","performance":"https://www.gstatic.com/firebasejs/10.13.1/firebase-performance.js","remote-config":"https://www.gstatic.com/firebasejs/10.13.1/firebase-remote-config.js","messaging":"https://www.gstatic.com/firebasejs/10.13.1/firebase-messaging.js","messaging/sw":"https://www.gstatic.com/firebasejs/10.13.1/firebase-messaging/sw.js","database":"https://www.gstatic.com/firebasejs/10.13.1/firebase-database.js","vertexai-preview":"https://www.gstatic.com/firebasejs/10.13.1/firebase-vertexai-preview.js","firestore.memory":"https://www.gstatic.com/firebasejs/10.13.1/firebase-firestore.memory.js"}}
[info] +  Wrote public/index.html 
[info] 
[info] i  Didn't detect a .git folder. Assuming E:\Ohjelmointi\Hakalanettisivu\etusivu – firebase is the project root. 
[info] i  Authorizing with GitHub to upload your service account to a GitHub repository's secrets store. 
[info] 
[info] Visit this URL on this device to log in:
[info] https://github.com/login/oauth/authorize?client_id=89cf50f02ac6aaed3484&state=515733878&redirect_uri=http%3A%2F%2Flocalhost%3A9005&scope=read%3Auser%20repo%20public_repo
[info] 
[info] Waiting for authentication...
[debug] [2024-09-11T09:14:38.483Z] >>> [apiv2][query] POST https://github.com/login/oauth/access_token [none]
[debug] [2024-09-11T09:14:38.483Z] >>> [apiv2][body] POST https://github.com/login/oauth/access_token [stream]
[debug] [2024-09-11T09:14:38.800Z] <<< [apiv2][status] POST https://github.com/login/oauth/access_token 200
[debug] [2024-09-11T09:14:38.800Z] <<< [apiv2][body] POST https://github.com/login/oauth/access_token {"access_token":"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","token_type":"bearer","scope":"read:user,repo"}
[debug] [2024-09-11T09:14:38.802Z] >>> [apiv2][query] GET https://api.github.com/user [none]
[debug] [2024-09-11T09:14:39.164Z] <<< [apiv2][status] GET https://api.github.com/user 200
[debug] [2024-09-11T09:14:39.164Z] <<< [apiv2][body] GET https://api.github.com/user {"login":"aleksihaikara","id":180578327,"node_id":"U_kgDOCsNoFw","avatar_url":"https://avatars.githubusercontent.com/u/180578327?v=4","gravatar_id":"","url":"https://api.github.com/users/aleksihaikara","html_url":"https://github.com/aleksihaikara","followers_url":"https://api.github.com/users/aleksihaikara/followers","following_url":"https://api.github.com/users/aleksihaikara/following{/other_user}","gists_url":"https://api.github.com/users/aleksihaikara/gists{/gist_id}","starred_url":"https://api.github.com/users/aleksihaikara/starred{/owner}{/repo}","subscriptions_url":"https://api.github.com/users/aleksihaikara/subscriptions","organizations_url":"https://api.github.com/users/aleksihaikara/orgs","repos_url":"https://api.github.com/users/aleksihaikara/repos","events_url":"https://api.github.com/users/aleksihaikara/events{/privacy}","received_events_url":"https://api.github.com/users/aleksihaikara/received_events","type":"User","site_admin":false,"name":null,"company":null,"blog":"","location":null,"email":null,"hireable":null,"bio":null,"twitter_username":null,"notification_email":null,"public_repos":0,"public_gists":0,"followers":0,"following":0,"created_at":"2024-09-05T18:26:56Z","updated_at":"2024-09-05T18:26:58Z","private_gists":0,"total_private_repos":4,"owned_private_repos":4,"disk_usage":7618,"collaborators":1,"two_factor_authentication":false,"plan":{"name":"free","space":976562499,"collaborators":0,"private_repos":10000}}
[info] 
[info] +  Success! Logged into GitHub as aleksihaikara 
[info] 
